<?xml version="1.0" encoding="UTF-8"?>
<!-- Generated by org.testng.reporters.JUnitReportReporter -->
<testsuite skipped="0" hostname="User-PC" name="web.menus.store.in.excelFile.WebMenusStoringInExcelFile" tests="2" failures="0" timestamp="08 Dec 2018 03:20:56 GMT" time="1.039" errors="0">
  <testcase name="getWebMenus" time="0.253" classname="web.menus.store.in.excelFile.WebMenusStoringInExcelFile"/>
  <testcase name="storeWebMenusInArray" time="0.786" classname="web.menus.store.in.excelFile.WebMenusStoringInExcelFile"/>
</testsuite> <!-- web.menus.store.in.excelFile.WebMenusStoringInExcelFile -->
