<?xml version="1.0" encoding="UTF-8"?>
<!-- Generated by org.testng.reporters.JUnitReportReporter -->
<testsuite skipped="0" hostname="User-PC" name="com.bit.test.SmokeTest" tests="1" failures="0" timestamp="25 Nov 2018 17:49:32 GMT" time="0.003" errors="0">
  <testcase name="test2" time="0.003" classname="com.bit.test.SmokeTest"/>
</testsuite> <!-- com.bit.test.SmokeTest -->
