<?xml version="1.0" encoding="UTF-8"?>
<!-- Generated by org.testng.reporters.JUnitReportReporter -->
<testsuite skipped="0" hostname="User-PC" name="com.bit.test.ParamTest" tests="1" failures="0" timestamp="28 Nov 2018 01:32:14 GMT" time="43.817" errors="0">
  <testcase name="m" time="43.817" classname="com.bit.test.ParamTest"/>
</testsuite> <!-- com.bit.test.ParamTest -->
