<?xml version="1.0" encoding="UTF-8"?>
<!-- Generated by org.testng.reporters.JUnitReportReporter -->
<testsuite skipped="0" hostname="User-PC" name="log4j.framework.TestLog4j" tests="1" failures="0" timestamp="20 Jan 2019 05:28:49 GMT" time="0.008" errors="0">
  <testcase name="testLogin" time="0.008" classname="log4j.framework.TestLog4j"/>
</testsuite> <!-- log4j.framework.TestLog4j -->
