<?xml version="1.0" encoding="UTF-8"?>
<!-- Generated by org.testng.reporters.JUnitReportReporter -->
<testsuite skipped="0" hostname="User-PC" name="collections.in.java.MapExamplesCl" tests="1" failures="0" timestamp="19 Dec 2018 03:33:47 GMT" time="0.012" errors="0">
  <testcase name="m1" time="0.012" classname="collections.in.java.MapExamplesCl"/>
</testsuite> <!-- collections.in.java.MapExamplesCl -->
