<?xml version="1.0" encoding="UTF-8"?>
<!-- Generated by org.testng.reporters.JUnitReportReporter -->
<testsuite skipped="0" hostname="User-PC" name="collections.in.java.TreeMapExampleCl" tests="1" failures="0" timestamp="19 Dec 2018 04:56:53 GMT" time="0.026" errors="0">
  <testcase name="m" time="0.026" classname="collections.in.java.TreeMapExampleCl"/>
</testsuite> <!-- collections.in.java.TreeMapExampleCl -->
