<?xml version="1.0" encoding="UTF-8"?>
<!-- Generated by org.testng.reporters.JUnitReportReporter -->
<testsuite skipped="0" hostname="User-PC" name="dataProviderAnnotation.DataProviderAnnotation" tests="2" failures="0" timestamp="03 Dec 2018 03:51:22 GMT" time="98.501" errors="0">
  <testcase name="login" time="42.182" classname="dataProviderAnnotation.DataProviderAnnotation"/>
  <testcase name="login" time="56.319" classname="dataProviderAnnotation.DataProviderAnnotation"/>
</testsuite> <!-- dataProviderAnnotation.DataProviderAnnotation -->
