<?xml version="1.0" encoding="UTF-8"?>
<!-- Generated by org.testng.reporters.JUnitReportReporter -->
<testsuite skipped="0" hostname="User-PC" name="arraylist.getvalue.actual.value.compare.ArrayListing" tests="1" failures="0" timestamp="11 Dec 2018 03:54:44 GMT" time="8.208" errors="0">
  <testcase name="valueComparing" time="8.208" classname="arraylist.getvalue.actual.value.compare.ArrayListing"/>
</testsuite> <!-- arraylist.getvalue.actual.value.compare.ArrayListing -->
