<?xml version="1.0" encoding="UTF-8"?>
<!-- Generated by org.testng.reporters.JUnitReportReporter -->
<testsuite skipped="0" hostname="User-PC" name="exception.hadling.java.TryCatchFinally" tests="1" failures="0" timestamp="04 Dec 2018 02:17:49 GMT" time="0.011" errors="0">
  <testcase name="tryCatchFinally" time="0.011" classname="exception.hadling.java.TryCatchFinally"/>
</testsuite> <!-- exception.hadling.java.TryCatchFinally -->
