<?xml version="1.0" encoding="UTF-8"?>
<!-- Generated by org.testng.reporters.JUnitReportReporter -->
<testsuite skipped="0" hostname="User-PC" name="Store.values.in.array.WebMenusStoringInExcelFile" tests="2" failures="0" timestamp="08 Dec 2018 03:08:48 GMT" time="1.056" errors="0">
  <testcase name="getWebMenus" time="0.304" classname="Store.values.in.array.WebMenusStoringInExcelFile"/>
  <testcase name="storeWebMenusInArray" time="0.752" classname="Store.values.in.array.WebMenusStoringInExcelFile"/>
</testsuite> <!-- Store.values.in.array.WebMenusStoringInExcelFile -->
