<?xml version="1.0" encoding="UTF-8"?>
<!-- Generated by org.testng.reporters.JUnitReportReporter -->
<testsuite skipped="0" hostname="User-PC" name="com.bit.test.RegressionTest" tests="2" failures="0" timestamp="25 Nov 2018 17:49:32 GMT" time="0.008" errors="0">
  <testcase name="test4" time="0.003" classname="com.bit.test.RegressionTest"/>
  <testcase name="test3" time="0.005" classname="com.bit.test.RegressionTest"/>
</testsuite> <!-- com.bit.test.RegressionTest -->
