<?xml version="1.0" encoding="UTF-8"?>
<!-- Generated by org.testng.reporters.JUnitReportReporter -->
<testsuite skipped="0" hostname="User-PC" name="com.bit.test.BaseTest" tests="1" failures="0" timestamp="27 Nov 2018 02:57:09 GMT" time="0.008" errors="0">
  <testcase name="m1" time="0.008" classname="com.bit.test.BaseTest"/>
</testsuite> <!-- com.bit.test.BaseTest -->
