<?xml version="1.0" encoding="UTF-8"?>
<!-- Generated by org.testng.reporters.JUnitReportReporter -->
<testsuite skipped="0" hostname="User-PC" name="HomeworkClass32.HowToStoreWebDataInTxtFile" tests="3" failures="0" timestamp="06 Dec 2018 03:33:32 GMT" time="0.276" errors="0">
  <testcase name="fileRead" time="0.036" classname="HomeworkClass32.HowToStoreWebDataInTxtFile"/>
  <testcase name="writeFileOne" time="0.234" classname="HomeworkClass32.HowToStoreWebDataInTxtFile"/>
  <testcase name="writeFiletwo" time="0.006" classname="HomeworkClass32.HowToStoreWebDataInTxtFile"/>
</testsuite> <!-- HomeworkClass32.HowToStoreWebDataInTxtFile -->
