<?xml version="1.0" encoding="UTF-8"?>
<!-- Generated by org.testng.reporters.JUnitReportReporter -->
<testsuite skipped="0" hostname="User-PC" name="collections.in.java.HashSetMethodsExampleCl" tests="1" failures="0" timestamp="18 Dec 2018 03:32:23 GMT" time="0.011" errors="0">
  <testcase name="hashSet_from_another_Collection" time="0.011" classname="collections.in.java.HashSetMethodsExampleCl"/>
</testsuite> <!-- collections.in.java.HashSetMethodsExampleCl -->
