<?xml version="1.0" encoding="UTF-8"?>
<!-- Generated by org.testng.reporters.JUnitReportReporter -->
<testsuite skipped="0" hostname="User-PC" name="com.qa.ExtentReportListener.TestFile" tests="3" failures="0" timestamp="23 Dec 2018 01:05:40 GMT" time="0.016" errors="0">
  <testcase name="m3" time="0.003" classname="com.qa.ExtentReportListener.TestFile"/>
  <testcase name="m2" time="0.003" classname="com.qa.ExtentReportListener.TestFile"/>
  <testcase name="m1" time="0.010" classname="com.qa.ExtentReportListener.TestFile"/>
</testsuite> <!-- com.qa.ExtentReportListener.TestFile -->
