<?xml version="1.0" encoding="UTF-8"?>
<!-- Generated by org.testng.reporters.JUnitReportReporter -->
<testsuite skipped="0" hostname="User-PC" name="exception.hadling.java.NestedTryCatch" tests="1" failures="0" timestamp="04 Dec 2018 02:10:18 GMT" time="0.012" errors="0">
  <testcase name="nestedTryCatch" time="0.012" classname="exception.hadling.java.NestedTryCatch"/>
</testsuite> <!-- exception.hadling.java.NestedTryCatch -->
