<?xml version="1.0" encoding="UTF-8"?>
<!-- Generated by org.testng.reporters.JUnitReportReporter -->
<testsuite skipped="0" hostname="User-PC" name="txt.file_read_wriite.java.HomeWork2" tests="1" failures="0" timestamp="05 Dec 2018 04:40:57 GMT" time="6.748" errors="0">
  <testcase name="textWriter" time="6.748" classname="txt.file_read_wriite.java.HomeWork2"/>
</testsuite> <!-- txt.file_read_wriite.java.HomeWork2 -->
