<?xml version="1.0" encoding="UTF-8"?>
<!-- Generated by org.testng.reporters.JUnitReportReporter -->
<testsuite skipped="0" hostname="User-PC" name="exception.hadling.java.ExceptionHandlingExamples" tests="1" failures="0" timestamp="04 Dec 2018 02:04:44 GMT" time="0.013" errors="0">
  <testcase name="tryCatch" time="0.013" classname="exception.hadling.java.ExceptionHandlingExamples"/>
</testsuite> <!-- exception.hadling.java.ExceptionHandlingExamples -->
