<?xml version="1.0" encoding="UTF-8"?>
<!-- Generated by org.testng.reporters.JUnitReportReporter -->
<testsuite skipped="0" hostname="User-PC" name="read_data_from_excel_file.UsingExcelDataWithDataProvider" tests="4" failures="0" timestamp="04 Dec 2018 02:26:54 GMT" time="167.893" errors="0">
  <testcase name="loginWithDataProviderDatas" time="26.272" classname="read_data_from_excel_file.UsingExcelDataWithDataProvider"/>
  <testcase name="loginWithDataProviderDatas" time="77.425" classname="read_data_from_excel_file.UsingExcelDataWithDataProvider"/>
  <testcase name="loginWithDataProviderDatas" time="54.433" classname="read_data_from_excel_file.UsingExcelDataWithDataProvider"/>
  <testcase name="loginWithDataProviderDatas" time="9.763" classname="read_data_from_excel_file.UsingExcelDataWithDataProvider"/>
</testsuite> <!-- read_data_from_excel_file.UsingExcelDataWithDataProvider -->
