<?xml version="1.0" encoding="UTF-8"?>
<!-- Generated by org.testng.reporters.JUnitReportReporter -->
<testsuite skipped="0" hostname="User-PC" name="txt.file_read_wriite.java.CopyInputFileIntoOutputFile" tests="1" failures="0" timestamp="05 Dec 2018 03:00:28 GMT" time="0.018" errors="0">
  <testcase name="copy" time="0.018" classname="txt.file_read_wriite.java.CopyInputFileIntoOutputFile"/>
</testsuite> <!-- txt.file_read_wriite.java.CopyInputFileIntoOutputFile -->
