<?xml version="1.0" encoding="UTF-8"?>
<!-- Generated by org.testng.reporters.JUnitReportReporter -->
<testsuite skipped="0" hostname="User-PC" name="Store.web.menus.store.in.excelFile.WebMenusStoringInExcelFile" tests="2" failures="0" timestamp="08 Dec 2018 03:14:15 GMT" time="1.212" errors="0">
  <testcase name="getWebMenus" time="0.293" classname="Store.web.menus.store.in.excelFile.WebMenusStoringInExcelFile"/>
  <testcase name="storeWebMenusInArray" time="0.919" classname="Store.web.menus.store.in.excelFile.WebMenusStoringInExcelFile"/>
</testsuite> <!-- Store.web.menus.store.in.excelFile.WebMenusStoringInExcelFile -->
