<?xml version="1.0" encoding="UTF-8"?>
<!-- Generated by org.testng.reporters.JUnitReportReporter -->
<testsuite skipped="0" hostname="User-PC" name="txt.file_read_wriite.java.TxtFileReadAndWrite" tests="2" failures="0" timestamp="06 Dec 2018 01:56:18 GMT" time="0.017" errors="0">
  <testcase name="fileRead" time="0.013" classname="txt.file_read_wriite.java.TxtFileReadAndWrite"/>
  <testcase name="textWriter" time="0.004" classname="txt.file_read_wriite.java.TxtFileReadAndWrite"/>
</testsuite> <!-- txt.file_read_wriite.java.TxtFileReadAndWrite -->
