<?xml version="1.0" encoding="UTF-8"?>
<!-- Generated by org.testng.reporters.JUnitReportReporter -->
<testsuite skipped="0" hostname="User-PC" name="txt.file_read_wriite.java.TxtFileRead" tests="1" failures="0" timestamp="05 Dec 2018 01:22:00 GMT" time="0.011" errors="0">
  <testcase name="fileRead" time="0.011" classname="txt.file_read_wriite.java.TxtFileRead"/>
</testsuite> <!-- txt.file_read_wriite.java.TxtFileRead -->
