<?xml version="1.0" encoding="UTF-8"?>
<!-- Generated by org.testng.reporters.JUnitReportReporter -->
<testsuite skipped="0" hostname="User-PC" name="Store.values.in.array.WebDataStoresIntoArray" tests="1" failures="0" timestamp="08 Dec 2018 01:50:29 GMT" time="0.599" errors="0">
  <testcase name="write" time="0.599" classname="Store.values.in.array.WebDataStoresIntoArray"/>
</testsuite> <!-- Store.values.in.array.WebDataStoresIntoArray -->
