<?xml version="1.0" encoding="UTF-8"?>
<!-- Generated by org.testng.reporters.JUnitReportReporter -->
<testsuite skipped="0" hostname="User-PC" name="broken.all.links.checking.BrokenAllLinksChecking" tests="1" failures="0" timestamp="30 Dec 2018 07:31:54 GMT" time="17.576" errors="0">
  <testcase name="openB" time="17.576" classname="broken.all.links.checking.BrokenAllLinksChecking"/>
</testsuite> <!-- broken.all.links.checking.BrokenAllLinksChecking -->
