<?xml version="1.0" encoding="UTF-8"?>
<!-- Generated by org.testng.reporters.JUnitReportReporter -->
<testsuite skipped="0" hostname="User-PC" name="exception.hadling.java.TryCatchExceptionHandling" tests="1" failures="0" timestamp="04 Dec 2018 02:05:33 GMT" time="0.010" errors="0">
  <testcase name="tryCatch" time="0.010" classname="exception.hadling.java.TryCatchExceptionHandling"/>
</testsuite> <!-- exception.hadling.java.TryCatchExceptionHandling -->
