<?xml version="1.0" encoding="UTF-8"?>
<!-- Generated by org.testng.reporters.JUnitReportReporter -->
<testsuite skipped="0" hostname="User-PC" name="Store.values.in.array.StoreValuesInArray2" tests="1" failures="0" timestamp="07 Dec 2018 03:07:03 GMT" time="0.620" errors="0">
  <testcase name="storeValuesinArray" time="0.620" classname="Store.values.in.array.StoreValuesInArray2"/>
</testsuite> <!-- Store.values.in.array.StoreValuesInArray2 -->
