<?xml version="1.0" encoding="UTF-8"?>
<!-- Generated by org.testng.reporters.JUnitReportReporter -->
<testsuite skipped="0" hostname="User-PC" name="assertions.java.AssertionTypesInJava" tests="1" failures="0" timestamp="04 Dec 2018 03:40:53 GMT" time="0.021" errors="0">
  <testcase name="test5" time="0.021" classname="assertions.java.AssertionTypesInJava"/>
</testsuite> <!-- assertions.java.AssertionTypesInJava -->
