<?xml version="1.0" encoding="UTF-8"?>
<!-- Generated by org.testng.reporters.JUnitReportReporter -->
<testsuite skipped="0" hostname="User-PC" name="com.bit.test.ParallelTestingTestNG2" tests="1" failures="0" timestamp="02 Dec 2018 03:50:38 GMT" time="11.265" errors="0">
  <testcase name="chromeTest" time="11.265" classname="com.bit.test.ParallelTestingTestNG2"/>
</testsuite> <!-- com.bit.test.ParallelTestingTestNG2 -->
