<?xml version="1.0" encoding="UTF-8"?>
<!-- Generated by org.testng.reporters.JUnitReportReporter -->
<testsuite skipped="0" hostname="User-PC" name="read_data_from_excel_file.ReadDataFromExcelFile" tests="1" failures="0" timestamp="04 Dec 2018 02:23:21 GMT" time="0.591" errors="0">
  <testcase name="readDataFile" time="0.591" classname="read_data_from_excel_file.ReadDataFromExcelFile"/>
</testsuite> <!-- read_data_from_excel_file.ReadDataFromExcelFile -->
