<?xml version="1.0" encoding="UTF-8"?>
<!-- Generated by org.testng.reporters.JUnitReportReporter -->
<testsuite skipped="0" hostname="User-PC" name="dataProviderAnnotation.ReadDataFromExcelFile" tests="1" failures="0" timestamp="04 Dec 2018 00:57:35 GMT" time="0.551" errors="0">
  <testcase name="readDataFile" time="0.551" classname="dataProviderAnnotation.ReadDataFromExcelFile"/>
</testsuite> <!-- dataProviderAnnotation.ReadDataFromExcelFile -->
